[debug] [2023-01-30T19:37:49.604Z] ----------------------------------------------------------------------
[debug] [2023-01-30T19:37:49.604Z] Command:       /Users/lukasvan3l/.nvm/versions/node/v16.19.0/bin/node /Users/lukasvan3l/.nvm/versions/node/v16.19.0/bin/firebase deploy
[debug] [2023-01-30T19:37:49.605Z] CLI Version:   11.21.0
[debug] [2023-01-30T19:37:49.605Z] Platform:      darwin
[debug] [2023-01-30T19:37:49.605Z] Node Version:  v16.19.0
[debug] [2023-01-30T19:37:49.605Z] Time:          Mon Jan 30 2023 20:37:49 GMT+0100 (Central European Standard Time)
[debug] [2023-01-30T19:37:49.606Z] ----------------------------------------------------------------------
[debug] 
[debug] [2023-01-30T19:37:49.638Z] > command requires scopes: ["email","openid","https://www.googleapis.com/auth/cloudplatformprojects.readonly","https://www.googleapis.com/auth/firebase","https://www.googleapis.com/auth/cloud-platform"]
[debug] [2023-01-30T19:37:49.638Z] > authorizing via signed-in user (lukas@q42.nl)
[debug] [2023-01-30T19:37:49.638Z] [iam] checking project deglind-programmeert for permissions ["firebase.projects.get","firebasehosting.sites.update"]
[debug] [2023-01-30T19:37:49.639Z] >>> [apiv2][query] POST https://cloudresourcemanager.googleapis.com/v1/projects/deglind-programmeert:testIamPermissions [none]
[debug] [2023-01-30T19:37:49.639Z] >>> [apiv2][(partial)header] POST https://cloudresourcemanager.googleapis.com/v1/projects/deglind-programmeert:testIamPermissions x-goog-quota-user=projects/deglind-programmeert
[debug] [2023-01-30T19:37:49.639Z] >>> [apiv2][body] POST https://cloudresourcemanager.googleapis.com/v1/projects/deglind-programmeert:testIamPermissions {"permissions":["firebase.projects.get","firebasehosting.sites.update"]}
[debug] [2023-01-30T19:37:50.301Z] <<< [apiv2][status] POST https://cloudresourcemanager.googleapis.com/v1/projects/deglind-programmeert:testIamPermissions 200
[debug] [2023-01-30T19:37:50.302Z] <<< [apiv2][body] POST https://cloudresourcemanager.googleapis.com/v1/projects/deglind-programmeert:testIamPermissions {"permissions":["firebase.projects.get","firebasehosting.sites.update"]}
[debug] [2023-01-30T19:37:50.303Z] >>> [apiv2][query] GET https://firebase.googleapis.com/v1beta1/projects/deglind-programmeert [none]
[debug] [2023-01-30T19:37:50.537Z] <<< [apiv2][status] GET https://firebase.googleapis.com/v1beta1/projects/deglind-programmeert 200
[debug] [2023-01-30T19:37:50.537Z] <<< [apiv2][body] GET https://firebase.googleapis.com/v1beta1/projects/deglind-programmeert {"projectId":"deglind-programmeert","projectNumber":"132127102714","displayName":"deglind-programmeert","name":"projects/deglind-programmeert","resources":{"hostingSite":"deglind-programmeert"},"state":"ACTIVE","etag":"1_f5f7c62e-65c5-4efd-b97b-f4db9198f12a"}
[info] 
[info] === Deploying to 'deglind-programmeert'...
[info] 
[info] i  deploying hosting 
[debug] [2023-01-30T19:37:50.548Z] >>> [apiv2][query] POST https://firebasehosting.googleapis.com/v1beta1/projects/-/sites/deglind-programmeert/versions [none]
[debug] [2023-01-30T19:37:50.548Z] >>> [apiv2][body] POST https://firebasehosting.googleapis.com/v1beta1/projects/-/sites/deglind-programmeert/versions {"status":"CREATED","labels":{"deployment-tool":"cli-firebase"}}
[debug] [2023-01-30T19:37:51.537Z] <<< [apiv2][status] POST https://firebasehosting.googleapis.com/v1beta1/projects/-/sites/deglind-programmeert/versions 200
[debug] [2023-01-30T19:37:51.537Z] <<< [apiv2][body] POST https://firebasehosting.googleapis.com/v1beta1/projects/-/sites/deglind-programmeert/versions {"name":"projects/132127102714/sites/deglind-programmeert/versions/7fa9b16274c8c697","status":"CREATED","config":{},"labels":{"deployment-tool":"cli-firebase"}}
[info] i  hosting[deglind-programmeert]: beginning deploy... 
[info] i  hosting[deglind-programmeert]: found 29 files in build 
[debug] [2023-01-30T19:37:51.562Z] [hosting] uploading with 200 concurrency
[debug] [2023-01-30T19:37:51.586Z] [hosting] hash cache [YnVpbGQ] stored for 29 files
[debug] [2023-01-30T19:37:51.586Z] [hosting][hash queue][FINAL] {"max":19,"min":9,"avg":11.172413793103448,"active":0,"complete":29,"success":29,"errored":0,"retried":0,"total":29,"elapsed":20}
[debug] [2023-01-30T19:37:51.586Z] >>> [apiv2][query] POST https://firebasehosting.googleapis.com/v1beta1/projects/132127102714/sites/deglind-programmeert/versions/7fa9b16274c8c697:populateFiles [none]
[debug] [2023-01-30T19:37:51.586Z] >>> [apiv2][body] POST https://firebasehosting.googleapis.com/v1beta1/projects/132127102714/sites/deglind-programmeert/versions/7fa9b16274c8c697:populateFiles {"files":{"/projecten.html":"e97b4bad04b1de3d0d1ad17ca114bbf252f2bfcdb11c7a1a1054b5d0436101c2","/_app/error.svelte-e193da8d.js":"ddb8a40a8f6f130722ddf82f0ca5adbe57cea32a7954940569f4ea8228a26d15","/_app/manifest.json":"ecd75157b4f66fd813abf3e077f6fc1eeb29f7695e620aa8ae2ecf73719170c3","/_app/version.json":"e7296302fab33500e0528fb8e5f523d38553b0865c8a8f3987b55efec1c9aece","/index.html":"9fd406d3c25ed49a26f130a5a8cdd61bedf0ba41221f26af209bcaed2c53d9d6","/_app/assets/pages/__layout.svelte-7a74d6bb.css":"fc94e612d6ca567bcfad0b4043fe42ffb008fa1d99e7570fd7d676af94d02eec","/_app/assets/pages/index.svelte-afff9c38.css":"f8322ed83e3623bfce23501669b182acc84a580532bb195a08fd04cbf090c7d1","/_app/assets/pages/projecten.svelte-597f7da9.css":"c03bdbd8a81e61242cc9f625ceb5b93dccce58ceb5756468de05931e6f5b5736","/_app/chunks/preload-helper-ec9aa979.js":"67f8ca445db811d06e73e88454ffe00af8ba3f857966d8f81fea4a056d75ef43","/_app/chunks/firebase-cd3fb877.js":"5b64f0fd17ebd4a0e693a5ec799947c66073a2de2c47bec3cd4e47869211dde7","/_app/pages/__layout.svelte-24ca3f66.js":"4c4785e389ea616936a7d6209bc6c1f36d342e1f60e00ab756094286dc83efe1","/_app/pages/projecten.svelte-0393298c.js":"560a06065708316e6b4bb2f2f80a8401921c1f272a6e086e15d3eff16fad005d","/_app/pages/index.svelte-777afc2f.js":"e1223c581ecedaab855a00e424c7da78e399db136a297a69b8c8c83fa4588ba7","/cyoa/chose_mountains.html":"91e5a1e1474cf0004bc246688b16ed045d712416988d23aa275ac047271ad6a6","/cyoa/index2.html":"04310b597b65c835eabe47d81fc6d3d0c856cd2f6f672019e748cd60d7229594","/cyoa/index.html":"7147f8fe857bc732531fc4317be9d30631a03945900dd8d10bb52b338b918f28","/cyoa/png/fight.png":"58ceac2db54259db83c2292a151f39e0e19a3fb33116d813c2e7319b511d1c0d","/_app/start-16970d8f.js":"93cdec5d992f75972a5cebdace8edde9a7f3d98a210568f003b69f043f612a0f","/cyoa/chose_castle.html":"91e5a1e1474cf0004bc246688b16ed045d712416988d23aa275ac047271ad6a6","/cyoa/png/run.png":"58e42c87ae998f283e7ff29489e2926aea9fbc6a9280f4f96152db6a91fd829b","/coderdojo-logo.png":"32300e8524b4116a6121be50a73c47304726cc8014be572f0b7c5ea9d505d849","/scratch.png":"67bc5a4d9b010f18cc2b2a3e46043eca633845df521eb923511d0f549c4f70e3","/favicon.png":"7a475af10dcc80beeb0a7b48d093c0c939584a9eadf30e0ee326dd6f0e9c0eca","/cyoa/png/chose_start.png":"ed6fdd1c2b83cb814b1e188ae93a8b57412e33766759cca672a7410dfb1b384f","/cyoa/png/index.png":"cf77924f544cdec841a9dbb26c6e3ccde17e9f5a7fa96aa2bcdc005b492cb702","/_app/chunks/vendor-635f1920.js":"12bacdf64484494a6ee130c7acdeae556bd8c30333986a55d2ad38a4fa5d417c","/coderdojo-logo-big.png":"d90e9ae889b789fc47e1889eb303a49c7845e81111601e5ff896c7c03efd0170","/cyoa/png/chose_castle.png":"b4ce4bb9aa1227034e05b419bc7f2ccc6cf78828f0fcbd79070d67a6b0a615d2","/banana.webp":"5c48af150477e362bf28a60810c3b31689c6fee95a77e0cbacebe10e565728b2"}}
